<?xml version="1.0" encoding="UTF-8"?><testsuite errors="1" failures="0" name="Test User" skipped="0" tests="1" time="0.57" timestamp="2021-05-01 02:51:43"><testcase name="Search for a automation course"><error type="java.lang.NullPointerException"/><system-err>null&#13;
com.google.common.base.Preconditions.checkNotNull(Preconditions.java:882)&#13;
co.com.choucair.certification.testuser.stepdefinitions.testuserStepDefinitions.heSearchForTheCourseRecursosAutomatizacionBancolombiaOnTheChoucairAcademyPlatform(testuserStepDefinitions.java:33)&#13;
✽.he search for the course Recursos Automatizacion Bancolombia on the choucair academy platform(src/test/resources/features/testuser.feature:7)&#13;
</system-err></testcase></testsuite>